<?xml version="1.0" encoding="UTF-8"?>
<testsuite name="fr.efrei.rag.RagApplicationTests" tests="1" skipped="0" failures="0" errors="0" timestamp="2025-01-08T07:50:15" hostname="MacBook-Air-de-Pierre.local" time="0.346">
  <properties/>
  <testcase name="contextLoads()" classname="fr.efrei.rag.RagApplicationTests" time="0.346"/>
  <system-out><![CDATA[08:50:14.987 [Test worker] INFO org.springframework.test.context.support.AnnotationConfigContextLoaderUtils -- Could not detect default configuration classes for test class [fr.efrei.rag.RagApplicationTests]: RagApplicationTests does not declare any static, non-private, non-final, nested classes annotated with @Configuration.
08:50:15.022 [Test worker] INFO org.springframework.boot.test.context.SpringBootTestContextBootstrapper -- Found @SpringBootConfiguration fr.efrei.rag.RagApplication for test class fr.efrei.rag.RagApplicationTests

  .   ____          _            __ _ _
 /\\ / ___'_ __ _ _(_)_ __  __ _ \ \ \ \
( ( )\___ | '_ | '_| | '_ \/ _` | \ \ \ \
 \\/  ___)| |_)| | | | | || (_| |  ) ) ) )
  '  |____| .__|_| |_|_| |_\__, | / / / /
 =========|_|==============|___/=/_/_/_/

 :: Spring Boot ::                (v3.4.1)

2025-01-08T08:50:15.135+01:00  INFO 50280 --- [rag] [    Test worker] fr.efrei.rag.RagApplicationTests         : Starting RagApplicationTests using Java 23.0.1 with PID 50280 (started by pierre.s in /Users/pierre.s/Documents/GitHub/spring-rag)
2025-01-08T08:50:15.136+01:00  INFO 50280 --- [rag] [    Test worker] fr.efrei.rag.RagApplicationTests         : No active profile set, falling back to 1 default profile: "default"
2025-01-08T08:50:15.454+01:00  INFO 50280 --- [rag] [    Test worker] fr.efrei.rag.RagApplicationTests         : Started RagApplicationTests in 0.392 seconds (process running for 0.762)
]]></system-out>
  <system-err><![CDATA[Mockito is currently self-attaching to enable the inline-mock-maker. This will no longer work in future releases of the JDK. Please add Mockito as an agent to your build what is described in Mockito's documentation: https://javadoc.io/doc/org.mockito/mockito-core/latest/org/mockito/Mockito.html#0.3
WARNING: A Java agent has been loaded dynamically (/Users/pierre.s/.gradle/caches/modules-2/files-2.1/net.bytebuddy/byte-buddy-agent/1.15.11/a38b16385e867f59a641330f0362ebe742788ed8/byte-buddy-agent-1.15.11.jar)
WARNING: If a serviceability tool is in use, please run with -XX:+EnableDynamicAgentLoading to hide this warning
WARNING: If a serviceability tool is not in use, please run with -Djdk.instrument.traceUsage for more information
WARNING: Dynamic loading of agents will be disallowed by default in a future release
]]></system-err>
</testsuite>
